CRITICAL - 2024-07-18 00:31:44 --> ErrorException: Trying to access array offset on value of type null
in APPPATH/Controllers/Painel.php on line 222.
 1 APPPATH/Controllers/Painel.php(222): CodeIgniter\Debug\Exceptions->errorHandler(2, 'Trying to access array offset on value of type null', '/home1/afi51034/erp.nxsistemas.com.br/app/Controllers/Painel.php', 222)
 2 SYSTEMPATH/CodeIgniter.php(941): App\Controllers\Painel->atualizaSenha()
 3 SYSTEMPATH/CodeIgniter.php(502): CodeIgniter\CodeIgniter->runController(Object(App\Controllers\Painel))
 4 SYSTEMPATH/CodeIgniter.php(361): CodeIgniter\CodeIgniter->handleRequest(null, Object(Config\Cache), false)
 5 FCPATH/index.php(79): CodeIgniter\CodeIgniter->run()
CRITICAL - 2024-07-18 00:31:45 --> ErrorException: Trying to access array offset on value of type null
in APPPATH/Controllers/Painel.php on line 222.
 1 APPPATH/Controllers/Painel.php(222): CodeIgniter\Debug\Exceptions->errorHandler(2, 'Trying to access array offset on value of type null', '/home1/afi51034/erp.nxsistemas.com.br/app/Controllers/Painel.php', 222)
 2 SYSTEMPATH/CodeIgniter.php(941): App\Controllers\Painel->atualizaSenha()
 3 SYSTEMPATH/CodeIgniter.php(502): CodeIgniter\CodeIgniter->runController(Object(App\Controllers\Painel))
 4 SYSTEMPATH/CodeIgniter.php(361): CodeIgniter\CodeIgniter->handleRequest(null, Object(Config\Cache), false)
 5 FCPATH/index.php(79): CodeIgniter\CodeIgniter->run()
CRITICAL - 2024-07-18 00:31:46 --> ErrorException: Trying to access array offset on value of type null
in APPPATH/Controllers/Painel.php on line 222.
 1 APPPATH/Controllers/Painel.php(222): CodeIgniter\Debug\Exceptions->errorHandler(2, 'Trying to access array offset on value of type null', '/home1/afi51034/erp.nxsistemas.com.br/app/Controllers/Painel.php', 222)
 2 SYSTEMPATH/CodeIgniter.php(941): App\Controllers\Painel->atualizaSenha()
 3 SYSTEMPATH/CodeIgniter.php(502): CodeIgniter\CodeIgniter->runController(Object(App\Controllers\Painel))
 4 SYSTEMPATH/CodeIgniter.php(361): CodeIgniter\CodeIgniter->handleRequest(null, Object(Config\Cache), false)
 5 FCPATH/index.php(79): CodeIgniter\CodeIgniter->run()
CRITICAL - 2024-07-18 00:31:47 --> ErrorException: Trying to access array offset on value of type null
in APPPATH/Controllers/Painel.php on line 222.
 1 APPPATH/Controllers/Painel.php(222): CodeIgniter\Debug\Exceptions->errorHandler(2, 'Trying to access array offset on value of type null', '/home1/afi51034/erp.nxsistemas.com.br/app/Controllers/Painel.php', 222)
 2 SYSTEMPATH/CodeIgniter.php(941): App\Controllers\Painel->atualizaSenha()
 3 SYSTEMPATH/CodeIgniter.php(502): CodeIgniter\CodeIgniter->runController(Object(App\Controllers\Painel))
 4 SYSTEMPATH/CodeIgniter.php(361): CodeIgniter\CodeIgniter->handleRequest(null, Object(Config\Cache), false)
 5 FCPATH/index.php(79): CodeIgniter\CodeIgniter->run()
CRITICAL - 2024-07-18 00:31:48 --> ErrorException: Trying to access array offset on value of type null
in APPPATH/Controllers/Painel.php on line 222.
 1 APPPATH/Controllers/Painel.php(222): CodeIgniter\Debug\Exceptions->errorHandler(2, 'Trying to access array offset on value of type null', '/home1/afi51034/erp.nxsistemas.com.br/app/Controllers/Painel.php', 222)
 2 SYSTEMPATH/CodeIgniter.php(941): App\Controllers\Painel->atualizaSenha()
 3 SYSTEMPATH/CodeIgniter.php(502): CodeIgniter\CodeIgniter->runController(Object(App\Controllers\Painel))
 4 SYSTEMPATH/CodeIgniter.php(361): CodeIgniter\CodeIgniter->handleRequest(null, Object(Config\Cache), false)
 5 FCPATH/index.php(79): CodeIgniter\CodeIgniter->run()
CRITICAL - 2024-07-18 00:31:49 --> ErrorException: Trying to access array offset on value of type null
in APPPATH/Controllers/Painel.php on line 222.
 1 APPPATH/Controllers/Painel.php(222): CodeIgniter\Debug\Exceptions->errorHandler(2, 'Trying to access array offset on value of type null', '/home1/afi51034/erp.nxsistemas.com.br/app/Controllers/Painel.php', 222)
 2 SYSTEMPATH/CodeIgniter.php(941): App\Controllers\Painel->atualizaSenha()
 3 SYSTEMPATH/CodeIgniter.php(502): CodeIgniter\CodeIgniter->runController(Object(App\Controllers\Painel))
 4 SYSTEMPATH/CodeIgniter.php(361): CodeIgniter\CodeIgniter->handleRequest(null, Object(Config\Cache), false)
 5 FCPATH/index.php(79): CodeIgniter\CodeIgniter->run()
CRITICAL - 2024-07-18 00:31:50 --> ErrorException: Trying to access array offset on value of type null
in APPPATH/Controllers/Painel.php on line 222.
 1 APPPATH/Controllers/Painel.php(222): CodeIgniter\Debug\Exceptions->errorHandler(2, 'Trying to access array offset on value of type null', '/home1/afi51034/erp.nxsistemas.com.br/app/Controllers/Painel.php', 222)
 2 SYSTEMPATH/CodeIgniter.php(941): App\Controllers\Painel->atualizaSenha()
 3 SYSTEMPATH/CodeIgniter.php(502): CodeIgniter\CodeIgniter->runController(Object(App\Controllers\Painel))
 4 SYSTEMPATH/CodeIgniter.php(361): CodeIgniter\CodeIgniter->handleRequest(null, Object(Config\Cache), false)
 5 FCPATH/index.php(79): CodeIgniter\CodeIgniter->run()
CRITICAL - 2024-07-18 00:31:51 --> ErrorException: Trying to access array offset on value of type null
in APPPATH/Controllers/Painel.php on line 222.
 1 APPPATH/Controllers/Painel.php(222): CodeIgniter\Debug\Exceptions->errorHandler(2, 'Trying to access array offset on value of type null', '/home1/afi51034/erp.nxsistemas.com.br/app/Controllers/Painel.php', 222)
 2 SYSTEMPATH/CodeIgniter.php(941): App\Controllers\Painel->atualizaSenha()
 3 SYSTEMPATH/CodeIgniter.php(502): CodeIgniter\CodeIgniter->runController(Object(App\Controllers\Painel))
 4 SYSTEMPATH/CodeIgniter.php(361): CodeIgniter\CodeIgniter->handleRequest(null, Object(Config\Cache), false)
 5 FCPATH/index.php(79): CodeIgniter\CodeIgniter->run()
CRITICAL - 2024-07-18 00:31:52 --> ErrorException: Trying to access array offset on value of type null
in APPPATH/Controllers/Painel.php on line 222.
 1 APPPATH/Controllers/Painel.php(222): CodeIgniter\Debug\Exceptions->errorHandler(2, 'Trying to access array offset on value of type null', '/home1/afi51034/erp.nxsistemas.com.br/app/Controllers/Painel.php', 222)
 2 SYSTEMPATH/CodeIgniter.php(941): App\Controllers\Painel->atualizaSenha()
 3 SYSTEMPATH/CodeIgniter.php(502): CodeIgniter\CodeIgniter->runController(Object(App\Controllers\Painel))
 4 SYSTEMPATH/CodeIgniter.php(361): CodeIgniter\CodeIgniter->handleRequest(null, Object(Config\Cache), false)
 5 FCPATH/index.php(79): CodeIgniter\CodeIgniter->run()
CRITICAL - 2024-07-18 00:31:53 --> ErrorException: Trying to access array offset on value of type null
in APPPATH/Controllers/Painel.php on line 222.
 1 APPPATH/Controllers/Painel.php(222): CodeIgniter\Debug\Exceptions->errorHandler(2, 'Trying to access array offset on value of type null', '/home1/afi51034/erp.nxsistemas.com.br/app/Controllers/Painel.php', 222)
 2 SYSTEMPATH/CodeIgniter.php(941): App\Controllers\Painel->atualizaSenha()
 3 SYSTEMPATH/CodeIgniter.php(502): CodeIgniter\CodeIgniter->runController(Object(App\Controllers\Painel))
 4 SYSTEMPATH/CodeIgniter.php(361): CodeIgniter\CodeIgniter->handleRequest(null, Object(Config\Cache), false)
 5 FCPATH/index.php(79): CodeIgniter\CodeIgniter->run()
CRITICAL - 2024-07-18 00:31:54 --> ErrorException: Trying to access array offset on value of type null
in APPPATH/Controllers/Painel.php on line 222.
 1 APPPATH/Controllers/Painel.php(222): CodeIgniter\Debug\Exceptions->errorHandler(2, 'Trying to access array offset on value of type null', '/home1/afi51034/erp.nxsistemas.com.br/app/Controllers/Painel.php', 222)
 2 SYSTEMPATH/CodeIgniter.php(941): App\Controllers\Painel->atualizaSenha()
 3 SYSTEMPATH/CodeIgniter.php(502): CodeIgniter\CodeIgniter->runController(Object(App\Controllers\Painel))
 4 SYSTEMPATH/CodeIgniter.php(361): CodeIgniter\CodeIgniter->handleRequest(null, Object(Config\Cache), false)
 5 FCPATH/index.php(79): CodeIgniter\CodeIgniter->run()
CRITICAL - 2024-07-18 00:31:56 --> ErrorException: Trying to access array offset on value of type null
in APPPATH/Controllers/Painel.php on line 222.
 1 APPPATH/Controllers/Painel.php(222): CodeIgniter\Debug\Exceptions->errorHandler(2, 'Trying to access array offset on value of type null', '/home1/afi51034/erp.nxsistemas.com.br/app/Controllers/Painel.php', 222)
 2 SYSTEMPATH/CodeIgniter.php(941): App\Controllers\Painel->atualizaSenha()
 3 SYSTEMPATH/CodeIgniter.php(502): CodeIgniter\CodeIgniter->runController(Object(App\Controllers\Painel))
 4 SYSTEMPATH/CodeIgniter.php(361): CodeIgniter\CodeIgniter->handleRequest(null, Object(Config\Cache), false)
 5 FCPATH/index.php(79): CodeIgniter\CodeIgniter->run()
CRITICAL - 2024-07-18 00:31:57 --> ErrorException: Trying to access array offset on value of type null
in APPPATH/Controllers/Painel.php on line 222.
 1 APPPATH/Controllers/Painel.php(222): CodeIgniter\Debug\Exceptions->errorHandler(2, 'Trying to access array offset on value of type null', '/home1/afi51034/erp.nxsistemas.com.br/app/Controllers/Painel.php', 222)
 2 SYSTEMPATH/CodeIgniter.php(941): App\Controllers\Painel->atualizaSenha()
 3 SYSTEMPATH/CodeIgniter.php(502): CodeIgniter\CodeIgniter->runController(Object(App\Controllers\Painel))
 4 SYSTEMPATH/CodeIgniter.php(361): CodeIgniter\CodeIgniter->handleRequest(null, Object(Config\Cache), false)
 5 FCPATH/index.php(79): CodeIgniter\CodeIgniter->run()
CRITICAL - 2024-07-18 00:31:58 --> ErrorException: Trying to access array offset on value of type null
in APPPATH/Controllers/Painel.php on line 222.
 1 APPPATH/Controllers/Painel.php(222): CodeIgniter\Debug\Exceptions->errorHandler(2, 'Trying to access array offset on value of type null', '/home1/afi51034/erp.nxsistemas.com.br/app/Controllers/Painel.php', 222)
 2 SYSTEMPATH/CodeIgniter.php(941): App\Controllers\Painel->atualizaSenha()
 3 SYSTEMPATH/CodeIgniter.php(502): CodeIgniter\CodeIgniter->runController(Object(App\Controllers\Painel))
 4 SYSTEMPATH/CodeIgniter.php(361): CodeIgniter\CodeIgniter->handleRequest(null, Object(Config\Cache), false)
 5 FCPATH/index.php(79): CodeIgniter\CodeIgniter->run()
CRITICAL - 2024-07-18 00:31:59 --> ErrorException: Trying to access array offset on value of type null
in APPPATH/Controllers/Painel.php on line 222.
 1 APPPATH/Controllers/Painel.php(222): CodeIgniter\Debug\Exceptions->errorHandler(2, 'Trying to access array offset on value of type null', '/home1/afi51034/erp.nxsistemas.com.br/app/Controllers/Painel.php', 222)
 2 SYSTEMPATH/CodeIgniter.php(941): App\Controllers\Painel->atualizaSenha()
 3 SYSTEMPATH/CodeIgniter.php(502): CodeIgniter\CodeIgniter->runController(Object(App\Controllers\Painel))
 4 SYSTEMPATH/CodeIgniter.php(361): CodeIgniter\CodeIgniter->handleRequest(null, Object(Config\Cache), false)
 5 FCPATH/index.php(79): CodeIgniter\CodeIgniter->run()
CRITICAL - 2024-07-18 00:32:00 --> ErrorException: Trying to access array offset on value of type null
in APPPATH/Controllers/Painel.php on line 222.
 1 APPPATH/Controllers/Painel.php(222): CodeIgniter\Debug\Exceptions->errorHandler(2, 'Trying to access array offset on value of type null', '/home1/afi51034/erp.nxsistemas.com.br/app/Controllers/Painel.php', 222)
 2 SYSTEMPATH/CodeIgniter.php(941): App\Controllers\Painel->atualizaSenha()
 3 SYSTEMPATH/CodeIgniter.php(502): CodeIgniter\CodeIgniter->runController(Object(App\Controllers\Painel))
 4 SYSTEMPATH/CodeIgniter.php(361): CodeIgniter\CodeIgniter->handleRequest(null, Object(Config\Cache), false)
 5 FCPATH/index.php(79): CodeIgniter\CodeIgniter->run()
CRITICAL - 2024-07-18 00:32:01 --> ErrorException: Trying to access array offset on value of type null
in APPPATH/Controllers/Painel.php on line 222.
 1 APPPATH/Controllers/Painel.php(222): CodeIgniter\Debug\Exceptions->errorHandler(2, 'Trying to access array offset on value of type null', '/home1/afi51034/erp.nxsistemas.com.br/app/Controllers/Painel.php', 222)
 2 SYSTEMPATH/CodeIgniter.php(941): App\Controllers\Painel->atualizaSenha()
 3 SYSTEMPATH/CodeIgniter.php(502): CodeIgniter\CodeIgniter->runController(Object(App\Controllers\Painel))
 4 SYSTEMPATH/CodeIgniter.php(361): CodeIgniter\CodeIgniter->handleRequest(null, Object(Config\Cache), false)
 5 FCPATH/index.php(79): CodeIgniter\CodeIgniter->run()
CRITICAL - 2024-07-18 00:32:02 --> ErrorException: Trying to access array offset on value of type null
in APPPATH/Controllers/Painel.php on line 222.
 1 APPPATH/Controllers/Painel.php(222): CodeIgniter\Debug\Exceptions->errorHandler(2, 'Trying to access array offset on value of type null', '/home1/afi51034/erp.nxsistemas.com.br/app/Controllers/Painel.php', 222)
 2 SYSTEMPATH/CodeIgniter.php(941): App\Controllers\Painel->atualizaSenha()
 3 SYSTEMPATH/CodeIgniter.php(502): CodeIgniter\CodeIgniter->runController(Object(App\Controllers\Painel))
 4 SYSTEMPATH/CodeIgniter.php(361): CodeIgniter\CodeIgniter->handleRequest(null, Object(Config\Cache), false)
 5 FCPATH/index.php(79): CodeIgniter\CodeIgniter->run()
CRITICAL - 2024-07-18 00:32:03 --> ErrorException: Trying to access array offset on value of type null
in APPPATH/Controllers/Painel.php on line 222.
 1 APPPATH/Controllers/Painel.php(222): CodeIgniter\Debug\Exceptions->errorHandler(2, 'Trying to access array offset on value of type null', '/home1/afi51034/erp.nxsistemas.com.br/app/Controllers/Painel.php', 222)
 2 SYSTEMPATH/CodeIgniter.php(941): App\Controllers\Painel->atualizaSenha()
 3 SYSTEMPATH/CodeIgniter.php(502): CodeIgniter\CodeIgniter->runController(Object(App\Controllers\Painel))
 4 SYSTEMPATH/CodeIgniter.php(361): CodeIgniter\CodeIgniter->handleRequest(null, Object(Config\Cache), false)
 5 FCPATH/index.php(79): CodeIgniter\CodeIgniter->run()
CRITICAL - 2024-07-18 00:32:04 --> ErrorException: Trying to access array offset on value of type null
in APPPATH/Controllers/Painel.php on line 222.
 1 APPPATH/Controllers/Painel.php(222): CodeIgniter\Debug\Exceptions->errorHandler(2, 'Trying to access array offset on value of type null', '/home1/afi51034/erp.nxsistemas.com.br/app/Controllers/Painel.php', 222)
 2 SYSTEMPATH/CodeIgniter.php(941): App\Controllers\Painel->atualizaSenha()
 3 SYSTEMPATH/CodeIgniter.php(502): CodeIgniter\CodeIgniter->runController(Object(App\Controllers\Painel))
 4 SYSTEMPATH/CodeIgniter.php(361): CodeIgniter\CodeIgniter->handleRequest(null, Object(Config\Cache), false)
 5 FCPATH/index.php(79): CodeIgniter\CodeIgniter->run()
CRITICAL - 2024-07-18 00:32:05 --> ErrorException: Trying to access array offset on value of type null
in APPPATH/Controllers/Painel.php on line 222.
 1 APPPATH/Controllers/Painel.php(222): CodeIgniter\Debug\Exceptions->errorHandler(2, 'Trying to access array offset on value of type null', '/home1/afi51034/erp.nxsistemas.com.br/app/Controllers/Painel.php', 222)
 2 SYSTEMPATH/CodeIgniter.php(941): App\Controllers\Painel->atualizaSenha()
 3 SYSTEMPATH/CodeIgniter.php(502): CodeIgniter\CodeIgniter->runController(Object(App\Controllers\Painel))
 4 SYSTEMPATH/CodeIgniter.php(361): CodeIgniter\CodeIgniter->handleRequest(null, Object(Config\Cache), false)
 5 FCPATH/index.php(79): CodeIgniter\CodeIgniter->run()
CRITICAL - 2024-07-18 00:32:06 --> ErrorException: Trying to access array offset on value of type null
in APPPATH/Controllers/Painel.php on line 222.
 1 APPPATH/Controllers/Painel.php(222): CodeIgniter\Debug\Exceptions->errorHandler(2, 'Trying to access array offset on value of type null', '/home1/afi51034/erp.nxsistemas.com.br/app/Controllers/Painel.php', 222)
 2 SYSTEMPATH/CodeIgniter.php(941): App\Controllers\Painel->atualizaSenha()
 3 SYSTEMPATH/CodeIgniter.php(502): CodeIgniter\CodeIgniter->runController(Object(App\Controllers\Painel))
 4 SYSTEMPATH/CodeIgniter.php(361): CodeIgniter\CodeIgniter->handleRequest(null, Object(Config\Cache), false)
 5 FCPATH/index.php(79): CodeIgniter\CodeIgniter->run()
CRITICAL - 2024-07-18 00:32:07 --> ErrorException: Trying to access array offset on value of type null
in APPPATH/Controllers/Painel.php on line 222.
 1 APPPATH/Controllers/Painel.php(222): CodeIgniter\Debug\Exceptions->errorHandler(2, 'Trying to access array offset on value of type null', '/home1/afi51034/erp.nxsistemas.com.br/app/Controllers/Painel.php', 222)
 2 SYSTEMPATH/CodeIgniter.php(941): App\Controllers\Painel->atualizaSenha()
 3 SYSTEMPATH/CodeIgniter.php(502): CodeIgniter\CodeIgniter->runController(Object(App\Controllers\Painel))
 4 SYSTEMPATH/CodeIgniter.php(361): CodeIgniter\CodeIgniter->handleRequest(null, Object(Config\Cache), false)
 5 FCPATH/index.php(79): CodeIgniter\CodeIgniter->run()
CRITICAL - 2024-07-18 00:32:08 --> ErrorException: Trying to access array offset on value of type null
in APPPATH/Controllers/Painel.php on line 222.
 1 APPPATH/Controllers/Painel.php(222): CodeIgniter\Debug\Exceptions->errorHandler(2, 'Trying to access array offset on value of type null', '/home1/afi51034/erp.nxsistemas.com.br/app/Controllers/Painel.php', 222)
 2 SYSTEMPATH/CodeIgniter.php(941): App\Controllers\Painel->atualizaSenha()
 3 SYSTEMPATH/CodeIgniter.php(502): CodeIgniter\CodeIgniter->runController(Object(App\Controllers\Painel))
 4 SYSTEMPATH/CodeIgniter.php(361): CodeIgniter\CodeIgniter->handleRequest(null, Object(Config\Cache), false)
 5 FCPATH/index.php(79): CodeIgniter\CodeIgniter->run()
CRITICAL - 2024-07-18 00:32:09 --> ErrorException: Trying to access array offset on value of type null
in APPPATH/Controllers/Painel.php on line 222.
 1 APPPATH/Controllers/Painel.php(222): CodeIgniter\Debug\Exceptions->errorHandler(2, 'Trying to access array offset on value of type null', '/home1/afi51034/erp.nxsistemas.com.br/app/Controllers/Painel.php', 222)
 2 SYSTEMPATH/CodeIgniter.php(941): App\Controllers\Painel->atualizaSenha()
 3 SYSTEMPATH/CodeIgniter.php(502): CodeIgniter\CodeIgniter->runController(Object(App\Controllers\Painel))
 4 SYSTEMPATH/CodeIgniter.php(361): CodeIgniter\CodeIgniter->handleRequest(null, Object(Config\Cache), false)
 5 FCPATH/index.php(79): CodeIgniter\CodeIgniter->run()
CRITICAL - 2024-07-18 00:32:10 --> ErrorException: Trying to access array offset on value of type null
in APPPATH/Controllers/Painel.php on line 222.
 1 APPPATH/Controllers/Painel.php(222): CodeIgniter\Debug\Exceptions->errorHandler(2, 'Trying to access array offset on value of type null', '/home1/afi51034/erp.nxsistemas.com.br/app/Controllers/Painel.php', 222)
 2 SYSTEMPATH/CodeIgniter.php(941): App\Controllers\Painel->atualizaSenha()
 3 SYSTEMPATH/CodeIgniter.php(502): CodeIgniter\CodeIgniter->runController(Object(App\Controllers\Painel))
 4 SYSTEMPATH/CodeIgniter.php(361): CodeIgniter\CodeIgniter->handleRequest(null, Object(Config\Cache), false)
 5 FCPATH/index.php(79): CodeIgniter\CodeIgniter->run()
CRITICAL - 2024-07-18 00:32:12 --> ErrorException: Trying to access array offset on value of type null
in APPPATH/Controllers/Painel.php on line 222.
 1 APPPATH/Controllers/Painel.php(222): CodeIgniter\Debug\Exceptions->errorHandler(2, 'Trying to access array offset on value of type null', '/home1/afi51034/erp.nxsistemas.com.br/app/Controllers/Painel.php', 222)
 2 SYSTEMPATH/CodeIgniter.php(941): App\Controllers\Painel->atualizaSenha()
 3 SYSTEMPATH/CodeIgniter.php(502): CodeIgniter\CodeIgniter->runController(Object(App\Controllers\Painel))
 4 SYSTEMPATH/CodeIgniter.php(361): CodeIgniter\CodeIgniter->handleRequest(null, Object(Config\Cache), false)
 5 FCPATH/index.php(79): CodeIgniter\CodeIgniter->run()
CRITICAL - 2024-07-18 00:32:12 --> ErrorException: Trying to access array offset on value of type null
in APPPATH/Controllers/Painel.php on line 222.
 1 APPPATH/Controllers/Painel.php(222): CodeIgniter\Debug\Exceptions->errorHandler(2, 'Trying to access array offset on value of type null', '/home1/afi51034/erp.nxsistemas.com.br/app/Controllers/Painel.php', 222)
 2 SYSTEMPATH/CodeIgniter.php(941): App\Controllers\Painel->atualizaSenha()
 3 SYSTEMPATH/CodeIgniter.php(502): CodeIgniter\CodeIgniter->runController(Object(App\Controllers\Painel))
 4 SYSTEMPATH/CodeIgniter.php(361): CodeIgniter\CodeIgniter->handleRequest(null, Object(Config\Cache), false)
 5 FCPATH/index.php(79): CodeIgniter\CodeIgniter->run()
CRITICAL - 2024-07-18 00:32:13 --> ErrorException: Trying to access array offset on value of type null
in APPPATH/Controllers/Painel.php on line 222.
 1 APPPATH/Controllers/Painel.php(222): CodeIgniter\Debug\Exceptions->errorHandler(2, 'Trying to access array offset on value of type null', '/home1/afi51034/erp.nxsistemas.com.br/app/Controllers/Painel.php', 222)
 2 SYSTEMPATH/CodeIgniter.php(941): App\Controllers\Painel->atualizaSenha()
 3 SYSTEMPATH/CodeIgniter.php(502): CodeIgniter\CodeIgniter->runController(Object(App\Controllers\Painel))
 4 SYSTEMPATH/CodeIgniter.php(361): CodeIgniter\CodeIgniter->handleRequest(null, Object(Config\Cache), false)
 5 FCPATH/index.php(79): CodeIgniter\CodeIgniter->run()
CRITICAL - 2024-07-18 00:32:15 --> ErrorException: Trying to access array offset on value of type null
in APPPATH/Controllers/Painel.php on line 222.
 1 APPPATH/Controllers/Painel.php(222): CodeIgniter\Debug\Exceptions->errorHandler(2, 'Trying to access array offset on value of type null', '/home1/afi51034/erp.nxsistemas.com.br/app/Controllers/Painel.php', 222)
 2 SYSTEMPATH/CodeIgniter.php(941): App\Controllers\Painel->atualizaSenha()
 3 SYSTEMPATH/CodeIgniter.php(502): CodeIgniter\CodeIgniter->runController(Object(App\Controllers\Painel))
 4 SYSTEMPATH/CodeIgniter.php(361): CodeIgniter\CodeIgniter->handleRequest(null, Object(Config\Cache), false)
 5 FCPATH/index.php(79): CodeIgniter\CodeIgniter->run()
CRITICAL - 2024-07-18 00:32:15 --> ErrorException: Trying to access array offset on value of type null
in APPPATH/Controllers/Painel.php on line 222.
 1 APPPATH/Controllers/Painel.php(222): CodeIgniter\Debug\Exceptions->errorHandler(2, 'Trying to access array offset on value of type null', '/home1/afi51034/erp.nxsistemas.com.br/app/Controllers/Painel.php', 222)
 2 SYSTEMPATH/CodeIgniter.php(941): App\Controllers\Painel->atualizaSenha()
 3 SYSTEMPATH/CodeIgniter.php(502): CodeIgniter\CodeIgniter->runController(Object(App\Controllers\Painel))
 4 SYSTEMPATH/CodeIgniter.php(361): CodeIgniter\CodeIgniter->handleRequest(null, Object(Config\Cache), false)
 5 FCPATH/index.php(79): CodeIgniter\CodeIgniter->run()
CRITICAL - 2024-07-18 00:32:16 --> ErrorException: Trying to access array offset on value of type null
in APPPATH/Controllers/Painel.php on line 222.
 1 APPPATH/Controllers/Painel.php(222): CodeIgniter\Debug\Exceptions->errorHandler(2, 'Trying to access array offset on value of type null', '/home1/afi51034/erp.nxsistemas.com.br/app/Controllers/Painel.php', 222)
 2 SYSTEMPATH/CodeIgniter.php(941): App\Controllers\Painel->atualizaSenha()
 3 SYSTEMPATH/CodeIgniter.php(502): CodeIgniter\CodeIgniter->runController(Object(App\Controllers\Painel))
 4 SYSTEMPATH/CodeIgniter.php(361): CodeIgniter\CodeIgniter->handleRequest(null, Object(Config\Cache), false)
 5 FCPATH/index.php(79): CodeIgniter\CodeIgniter->run()
CRITICAL - 2024-07-18 00:32:17 --> ErrorException: Trying to access array offset on value of type null
in APPPATH/Controllers/Painel.php on line 222.
 1 APPPATH/Controllers/Painel.php(222): CodeIgniter\Debug\Exceptions->errorHandler(2, 'Trying to access array offset on value of type null', '/home1/afi51034/erp.nxsistemas.com.br/app/Controllers/Painel.php', 222)
 2 SYSTEMPATH/CodeIgniter.php(941): App\Controllers\Painel->atualizaSenha()
 3 SYSTEMPATH/CodeIgniter.php(502): CodeIgniter\CodeIgniter->runController(Object(App\Controllers\Painel))
 4 SYSTEMPATH/CodeIgniter.php(361): CodeIgniter\CodeIgniter->handleRequest(null, Object(Config\Cache), false)
 5 FCPATH/index.php(79): CodeIgniter\CodeIgniter->run()
CRITICAL - 2024-07-18 00:32:18 --> ErrorException: Trying to access array offset on value of type null
in APPPATH/Controllers/Painel.php on line 222.
 1 APPPATH/Controllers/Painel.php(222): CodeIgniter\Debug\Exceptions->errorHandler(2, 'Trying to access array offset on value of type null', '/home1/afi51034/erp.nxsistemas.com.br/app/Controllers/Painel.php', 222)
 2 SYSTEMPATH/CodeIgniter.php(941): App\Controllers\Painel->atualizaSenha()
 3 SYSTEMPATH/CodeIgniter.php(502): CodeIgniter\CodeIgniter->runController(Object(App\Controllers\Painel))
 4 SYSTEMPATH/CodeIgniter.php(361): CodeIgniter\CodeIgniter->handleRequest(null, Object(Config\Cache), false)
 5 FCPATH/index.php(79): CodeIgniter\CodeIgniter->run()
CRITICAL - 2024-07-18 00:32:19 --> ErrorException: Trying to access array offset on value of type null
in APPPATH/Controllers/Painel.php on line 222.
 1 APPPATH/Controllers/Painel.php(222): CodeIgniter\Debug\Exceptions->errorHandler(2, 'Trying to access array offset on value of type null', '/home1/afi51034/erp.nxsistemas.com.br/app/Controllers/Painel.php', 222)
 2 SYSTEMPATH/CodeIgniter.php(941): App\Controllers\Painel->atualizaSenha()
 3 SYSTEMPATH/CodeIgniter.php(502): CodeIgniter\CodeIgniter->runController(Object(App\Controllers\Painel))
 4 SYSTEMPATH/CodeIgniter.php(361): CodeIgniter\CodeIgniter->handleRequest(null, Object(Config\Cache), false)
 5 FCPATH/index.php(79): CodeIgniter\CodeIgniter->run()
CRITICAL - 2024-07-18 00:32:20 --> ErrorException: Trying to access array offset on value of type null
in APPPATH/Controllers/Painel.php on line 222.
 1 APPPATH/Controllers/Painel.php(222): CodeIgniter\Debug\Exceptions->errorHandler(2, 'Trying to access array offset on value of type null', '/home1/afi51034/erp.nxsistemas.com.br/app/Controllers/Painel.php', 222)
 2 SYSTEMPATH/CodeIgniter.php(941): App\Controllers\Painel->atualizaSenha()
 3 SYSTEMPATH/CodeIgniter.php(502): CodeIgniter\CodeIgniter->runController(Object(App\Controllers\Painel))
 4 SYSTEMPATH/CodeIgniter.php(361): CodeIgniter\CodeIgniter->handleRequest(null, Object(Config\Cache), false)
 5 FCPATH/index.php(79): CodeIgniter\CodeIgniter->run()
CRITICAL - 2024-07-18 00:32:21 --> ErrorException: Trying to access array offset on value of type null
in APPPATH/Controllers/Painel.php on line 222.
 1 APPPATH/Controllers/Painel.php(222): CodeIgniter\Debug\Exceptions->errorHandler(2, 'Trying to access array offset on value of type null', '/home1/afi51034/erp.nxsistemas.com.br/app/Controllers/Painel.php', 222)
 2 SYSTEMPATH/CodeIgniter.php(941): App\Controllers\Painel->atualizaSenha()
 3 SYSTEMPATH/CodeIgniter.php(502): CodeIgniter\CodeIgniter->runController(Object(App\Controllers\Painel))
 4 SYSTEMPATH/CodeIgniter.php(361): CodeIgniter\CodeIgniter->handleRequest(null, Object(Config\Cache), false)
 5 FCPATH/index.php(79): CodeIgniter\CodeIgniter->run()
CRITICAL - 2024-07-18 00:32:22 --> ErrorException: Trying to access array offset on value of type null
in APPPATH/Controllers/Painel.php on line 222.
 1 APPPATH/Controllers/Painel.php(222): CodeIgniter\Debug\Exceptions->errorHandler(2, 'Trying to access array offset on value of type null', '/home1/afi51034/erp.nxsistemas.com.br/app/Controllers/Painel.php', 222)
 2 SYSTEMPATH/CodeIgniter.php(941): App\Controllers\Painel->atualizaSenha()
 3 SYSTEMPATH/CodeIgniter.php(502): CodeIgniter\CodeIgniter->runController(Object(App\Controllers\Painel))
 4 SYSTEMPATH/CodeIgniter.php(361): CodeIgniter\CodeIgniter->handleRequest(null, Object(Config\Cache), false)
 5 FCPATH/index.php(79): CodeIgniter\CodeIgniter->run()
CRITICAL - 2024-07-18 00:32:23 --> ErrorException: Trying to access array offset on value of type null
in APPPATH/Controllers/Painel.php on line 222.
 1 APPPATH/Controllers/Painel.php(222): CodeIgniter\Debug\Exceptions->errorHandler(2, 'Trying to access array offset on value of type null', '/home1/afi51034/erp.nxsistemas.com.br/app/Controllers/Painel.php', 222)
 2 SYSTEMPATH/CodeIgniter.php(941): App\Controllers\Painel->atualizaSenha()
 3 SYSTEMPATH/CodeIgniter.php(502): CodeIgniter\CodeIgniter->runController(Object(App\Controllers\Painel))
 4 SYSTEMPATH/CodeIgniter.php(361): CodeIgniter\CodeIgniter->handleRequest(null, Object(Config\Cache), false)
 5 FCPATH/index.php(79): CodeIgniter\CodeIgniter->run()
CRITICAL - 2024-07-18 00:32:24 --> ErrorException: Trying to access array offset on value of type null
in APPPATH/Controllers/Painel.php on line 222.
 1 APPPATH/Controllers/Painel.php(222): CodeIgniter\Debug\Exceptions->errorHandler(2, 'Trying to access array offset on value of type null', '/home1/afi51034/erp.nxsistemas.com.br/app/Controllers/Painel.php', 222)
 2 SYSTEMPATH/CodeIgniter.php(941): App\Controllers\Painel->atualizaSenha()
 3 SYSTEMPATH/CodeIgniter.php(502): CodeIgniter\CodeIgniter->runController(Object(App\Controllers\Painel))
 4 SYSTEMPATH/CodeIgniter.php(361): CodeIgniter\CodeIgniter->handleRequest(null, Object(Config\Cache), false)
 5 FCPATH/index.php(79): CodeIgniter\CodeIgniter->run()
CRITICAL - 2024-07-18 00:32:25 --> ErrorException: Trying to access array offset on value of type null
in APPPATH/Controllers/Painel.php on line 222.
 1 APPPATH/Controllers/Painel.php(222): CodeIgniter\Debug\Exceptions->errorHandler(2, 'Trying to access array offset on value of type null', '/home1/afi51034/erp.nxsistemas.com.br/app/Controllers/Painel.php', 222)
 2 SYSTEMPATH/CodeIgniter.php(941): App\Controllers\Painel->atualizaSenha()
 3 SYSTEMPATH/CodeIgniter.php(502): CodeIgniter\CodeIgniter->runController(Object(App\Controllers\Painel))
 4 SYSTEMPATH/CodeIgniter.php(361): CodeIgniter\CodeIgniter->handleRequest(null, Object(Config\Cache), false)
 5 FCPATH/index.php(79): CodeIgniter\CodeIgniter->run()
CRITICAL - 2024-07-18 00:32:26 --> ErrorException: Trying to access array offset on value of type null
in APPPATH/Controllers/Painel.php on line 222.
 1 APPPATH/Controllers/Painel.php(222): CodeIgniter\Debug\Exceptions->errorHandler(2, 'Trying to access array offset on value of type null', '/home1/afi51034/erp.nxsistemas.com.br/app/Controllers/Painel.php', 222)
 2 SYSTEMPATH/CodeIgniter.php(941): App\Controllers\Painel->atualizaSenha()
 3 SYSTEMPATH/CodeIgniter.php(502): CodeIgniter\CodeIgniter->runController(Object(App\Controllers\Painel))
 4 SYSTEMPATH/CodeIgniter.php(361): CodeIgniter\CodeIgniter->handleRequest(null, Object(Config\Cache), false)
 5 FCPATH/index.php(79): CodeIgniter\CodeIgniter->run()
CRITICAL - 2024-07-18 00:32:27 --> ErrorException: Trying to access array offset on value of type null
in APPPATH/Controllers/Painel.php on line 222.
 1 APPPATH/Controllers/Painel.php(222): CodeIgniter\Debug\Exceptions->errorHandler(2, 'Trying to access array offset on value of type null', '/home1/afi51034/erp.nxsistemas.com.br/app/Controllers/Painel.php', 222)
 2 SYSTEMPATH/CodeIgniter.php(941): App\Controllers\Painel->atualizaSenha()
 3 SYSTEMPATH/CodeIgniter.php(502): CodeIgniter\CodeIgniter->runController(Object(App\Controllers\Painel))
 4 SYSTEMPATH/CodeIgniter.php(361): CodeIgniter\CodeIgniter->handleRequest(null, Object(Config\Cache), false)
 5 FCPATH/index.php(79): CodeIgniter\CodeIgniter->run()
CRITICAL - 2024-07-18 00:32:28 --> ErrorException: Trying to access array offset on value of type null
in APPPATH/Controllers/Painel.php on line 222.
 1 APPPATH/Controllers/Painel.php(222): CodeIgniter\Debug\Exceptions->errorHandler(2, 'Trying to access array offset on value of type null', '/home1/afi51034/erp.nxsistemas.com.br/app/Controllers/Painel.php', 222)
 2 SYSTEMPATH/CodeIgniter.php(941): App\Controllers\Painel->atualizaSenha()
 3 SYSTEMPATH/CodeIgniter.php(502): CodeIgniter\CodeIgniter->runController(Object(App\Controllers\Painel))
 4 SYSTEMPATH/CodeIgniter.php(361): CodeIgniter\CodeIgniter->handleRequest(null, Object(Config\Cache), false)
 5 FCPATH/index.php(79): CodeIgniter\CodeIgniter->run()
CRITICAL - 2024-07-18 00:32:29 --> ErrorException: Trying to access array offset on value of type null
in APPPATH/Controllers/Painel.php on line 222.
 1 APPPATH/Controllers/Painel.php(222): CodeIgniter\Debug\Exceptions->errorHandler(2, 'Trying to access array offset on value of type null', '/home1/afi51034/erp.nxsistemas.com.br/app/Controllers/Painel.php', 222)
 2 SYSTEMPATH/CodeIgniter.php(941): App\Controllers\Painel->atualizaSenha()
 3 SYSTEMPATH/CodeIgniter.php(502): CodeIgniter\CodeIgniter->runController(Object(App\Controllers\Painel))
 4 SYSTEMPATH/CodeIgniter.php(361): CodeIgniter\CodeIgniter->handleRequest(null, Object(Config\Cache), false)
 5 FCPATH/index.php(79): CodeIgniter\CodeIgniter->run()
CRITICAL - 2024-07-18 00:32:30 --> ErrorException: Trying to access array offset on value of type null
in APPPATH/Controllers/Painel.php on line 222.
 1 APPPATH/Controllers/Painel.php(222): CodeIgniter\Debug\Exceptions->errorHandler(2, 'Trying to access array offset on value of type null', '/home1/afi51034/erp.nxsistemas.com.br/app/Controllers/Painel.php', 222)
 2 SYSTEMPATH/CodeIgniter.php(941): App\Controllers\Painel->atualizaSenha()
 3 SYSTEMPATH/CodeIgniter.php(502): CodeIgniter\CodeIgniter->runController(Object(App\Controllers\Painel))
 4 SYSTEMPATH/CodeIgniter.php(361): CodeIgniter\CodeIgniter->handleRequest(null, Object(Config\Cache), false)
 5 FCPATH/index.php(79): CodeIgniter\CodeIgniter->run()
CRITICAL - 2024-07-18 00:32:31 --> ErrorException: Trying to access array offset on value of type null
in APPPATH/Controllers/Painel.php on line 222.
 1 APPPATH/Controllers/Painel.php(222): CodeIgniter\Debug\Exceptions->errorHandler(2, 'Trying to access array offset on value of type null', '/home1/afi51034/erp.nxsistemas.com.br/app/Controllers/Painel.php', 222)
 2 SYSTEMPATH/CodeIgniter.php(941): App\Controllers\Painel->atualizaSenha()
 3 SYSTEMPATH/CodeIgniter.php(502): CodeIgniter\CodeIgniter->runController(Object(App\Controllers\Painel))
 4 SYSTEMPATH/CodeIgniter.php(361): CodeIgniter\CodeIgniter->handleRequest(null, Object(Config\Cache), false)
 5 FCPATH/index.php(79): CodeIgniter\CodeIgniter->run()
CRITICAL - 2024-07-18 00:32:32 --> ErrorException: Trying to access array offset on value of type null
in APPPATH/Controllers/Painel.php on line 222.
 1 APPPATH/Controllers/Painel.php(222): CodeIgniter\Debug\Exceptions->errorHandler(2, 'Trying to access array offset on value of type null', '/home1/afi51034/erp.nxsistemas.com.br/app/Controllers/Painel.php', 222)
 2 SYSTEMPATH/CodeIgniter.php(941): App\Controllers\Painel->atualizaSenha()
 3 SYSTEMPATH/CodeIgniter.php(502): CodeIgniter\CodeIgniter->runController(Object(App\Controllers\Painel))
 4 SYSTEMPATH/CodeIgniter.php(361): CodeIgniter\CodeIgniter->handleRequest(null, Object(Config\Cache), false)
 5 FCPATH/index.php(79): CodeIgniter\CodeIgniter->run()
CRITICAL - 2024-07-18 00:32:33 --> ErrorException: Trying to access array offset on value of type null
in APPPATH/Controllers/Painel.php on line 222.
 1 APPPATH/Controllers/Painel.php(222): CodeIgniter\Debug\Exceptions->errorHandler(2, 'Trying to access array offset on value of type null', '/home1/afi51034/erp.nxsistemas.com.br/app/Controllers/Painel.php', 222)
 2 SYSTEMPATH/CodeIgniter.php(941): App\Controllers\Painel->atualizaSenha()
 3 SYSTEMPATH/CodeIgniter.php(502): CodeIgniter\CodeIgniter->runController(Object(App\Controllers\Painel))
 4 SYSTEMPATH/CodeIgniter.php(361): CodeIgniter\CodeIgniter->handleRequest(null, Object(Config\Cache), false)
 5 FCPATH/index.php(79): CodeIgniter\CodeIgniter->run()
CRITICAL - 2024-07-18 00:32:34 --> ErrorException: Trying to access array offset on value of type null
in APPPATH/Controllers/Painel.php on line 222.
 1 APPPATH/Controllers/Painel.php(222): CodeIgniter\Debug\Exceptions->errorHandler(2, 'Trying to access array offset on value of type null', '/home1/afi51034/erp.nxsistemas.com.br/app/Controllers/Painel.php', 222)
 2 SYSTEMPATH/CodeIgniter.php(941): App\Controllers\Painel->atualizaSenha()
 3 SYSTEMPATH/CodeIgniter.php(502): CodeIgniter\CodeIgniter->runController(Object(App\Controllers\Painel))
 4 SYSTEMPATH/CodeIgniter.php(361): CodeIgniter\CodeIgniter->handleRequest(null, Object(Config\Cache), false)
 5 FCPATH/index.php(79): CodeIgniter\CodeIgniter->run()
CRITICAL - 2024-07-18 00:32:35 --> ErrorException: Trying to access array offset on value of type null
in APPPATH/Controllers/Painel.php on line 222.
 1 APPPATH/Controllers/Painel.php(222): CodeIgniter\Debug\Exceptions->errorHandler(2, 'Trying to access array offset on value of type null', '/home1/afi51034/erp.nxsistemas.com.br/app/Controllers/Painel.php', 222)
 2 SYSTEMPATH/CodeIgniter.php(941): App\Controllers\Painel->atualizaSenha()
 3 SYSTEMPATH/CodeIgniter.php(502): CodeIgniter\CodeIgniter->runController(Object(App\Controllers\Painel))
 4 SYSTEMPATH/CodeIgniter.php(361): CodeIgniter\CodeIgniter->handleRequest(null, Object(Config\Cache), false)
 5 FCPATH/index.php(79): CodeIgniter\CodeIgniter->run()
CRITICAL - 2024-07-18 00:32:36 --> ErrorException: Trying to access array offset on value of type null
in APPPATH/Controllers/Painel.php on line 222.
 1 APPPATH/Controllers/Painel.php(222): CodeIgniter\Debug\Exceptions->errorHandler(2, 'Trying to access array offset on value of type null', '/home1/afi51034/erp.nxsistemas.com.br/app/Controllers/Painel.php', 222)
 2 SYSTEMPATH/CodeIgniter.php(941): App\Controllers\Painel->atualizaSenha()
 3 SYSTEMPATH/CodeIgniter.php(502): CodeIgniter\CodeIgniter->runController(Object(App\Controllers\Painel))
 4 SYSTEMPATH/CodeIgniter.php(361): CodeIgniter\CodeIgniter->handleRequest(null, Object(Config\Cache), false)
 5 FCPATH/index.php(79): CodeIgniter\CodeIgniter->run()
CRITICAL - 2024-07-18 00:32:37 --> ErrorException: Trying to access array offset on value of type null
in APPPATH/Controllers/Painel.php on line 222.
 1 APPPATH/Controllers/Painel.php(222): CodeIgniter\Debug\Exceptions->errorHandler(2, 'Trying to access array offset on value of type null', '/home1/afi51034/erp.nxsistemas.com.br/app/Controllers/Painel.php', 222)
 2 SYSTEMPATH/CodeIgniter.php(941): App\Controllers\Painel->atualizaSenha()
 3 SYSTEMPATH/CodeIgniter.php(502): CodeIgniter\CodeIgniter->runController(Object(App\Controllers\Painel))
 4 SYSTEMPATH/CodeIgniter.php(361): CodeIgniter\CodeIgniter->handleRequest(null, Object(Config\Cache), false)
 5 FCPATH/index.php(79): CodeIgniter\CodeIgniter->run()
CRITICAL - 2024-07-18 00:32:38 --> ErrorException: Trying to access array offset on value of type null
in APPPATH/Controllers/Painel.php on line 222.
 1 APPPATH/Controllers/Painel.php(222): CodeIgniter\Debug\Exceptions->errorHandler(2, 'Trying to access array offset on value of type null', '/home1/afi51034/erp.nxsistemas.com.br/app/Controllers/Painel.php', 222)
 2 SYSTEMPATH/CodeIgniter.php(941): App\Controllers\Painel->atualizaSenha()
 3 SYSTEMPATH/CodeIgniter.php(502): CodeIgniter\CodeIgniter->runController(Object(App\Controllers\Painel))
 4 SYSTEMPATH/CodeIgniter.php(361): CodeIgniter\CodeIgniter->handleRequest(null, Object(Config\Cache), false)
 5 FCPATH/index.php(79): CodeIgniter\CodeIgniter->run()
CRITICAL - 2024-07-18 00:32:39 --> ErrorException: Trying to access array offset on value of type null
in APPPATH/Controllers/Painel.php on line 222.
 1 APPPATH/Controllers/Painel.php(222): CodeIgniter\Debug\Exceptions->errorHandler(2, 'Trying to access array offset on value of type null', '/home1/afi51034/erp.nxsistemas.com.br/app/Controllers/Painel.php', 222)
 2 SYSTEMPATH/CodeIgniter.php(941): App\Controllers\Painel->atualizaSenha()
 3 SYSTEMPATH/CodeIgniter.php(502): CodeIgniter\CodeIgniter->runController(Object(App\Controllers\Painel))
 4 SYSTEMPATH/CodeIgniter.php(361): CodeIgniter\CodeIgniter->handleRequest(null, Object(Config\Cache), false)
 5 FCPATH/index.php(79): CodeIgniter\CodeIgniter->run()
CRITICAL - 2024-07-18 00:32:40 --> ErrorException: Trying to access array offset on value of type null
in APPPATH/Controllers/Painel.php on line 222.
 1 APPPATH/Controllers/Painel.php(222): CodeIgniter\Debug\Exceptions->errorHandler(2, 'Trying to access array offset on value of type null', '/home1/afi51034/erp.nxsistemas.com.br/app/Controllers/Painel.php', 222)
 2 SYSTEMPATH/CodeIgniter.php(941): App\Controllers\Painel->atualizaSenha()
 3 SYSTEMPATH/CodeIgniter.php(502): CodeIgniter\CodeIgniter->runController(Object(App\Controllers\Painel))
 4 SYSTEMPATH/CodeIgniter.php(361): CodeIgniter\CodeIgniter->handleRequest(null, Object(Config\Cache), false)
 5 FCPATH/index.php(79): CodeIgniter\CodeIgniter->run()
CRITICAL - 2024-07-18 00:32:41 --> ErrorException: Trying to access array offset on value of type null
in APPPATH/Controllers/Painel.php on line 222.
 1 APPPATH/Controllers/Painel.php(222): CodeIgniter\Debug\Exceptions->errorHandler(2, 'Trying to access array offset on value of type null', '/home1/afi51034/erp.nxsistemas.com.br/app/Controllers/Painel.php', 222)
 2 SYSTEMPATH/CodeIgniter.php(941): App\Controllers\Painel->atualizaSenha()
 3 SYSTEMPATH/CodeIgniter.php(502): CodeIgniter\CodeIgniter->runController(Object(App\Controllers\Painel))
 4 SYSTEMPATH/CodeIgniter.php(361): CodeIgniter\CodeIgniter->handleRequest(null, Object(Config\Cache), false)
 5 FCPATH/index.php(79): CodeIgniter\CodeIgniter->run()
CRITICAL - 2024-07-18 00:32:42 --> ErrorException: Trying to access array offset on value of type null
in APPPATH/Controllers/Painel.php on line 222.
 1 APPPATH/Controllers/Painel.php(222): CodeIgniter\Debug\Exceptions->errorHandler(2, 'Trying to access array offset on value of type null', '/home1/afi51034/erp.nxsistemas.com.br/app/Controllers/Painel.php', 222)
 2 SYSTEMPATH/CodeIgniter.php(941): App\Controllers\Painel->atualizaSenha()
 3 SYSTEMPATH/CodeIgniter.php(502): CodeIgniter\CodeIgniter->runController(Object(App\Controllers\Painel))
 4 SYSTEMPATH/CodeIgniter.php(361): CodeIgniter\CodeIgniter->handleRequest(null, Object(Config\Cache), false)
 5 FCPATH/index.php(79): CodeIgniter\CodeIgniter->run()
CRITICAL - 2024-07-18 00:32:43 --> ErrorException: Trying to access array offset on value of type null
in APPPATH/Controllers/Painel.php on line 222.
 1 APPPATH/Controllers/Painel.php(222): CodeIgniter\Debug\Exceptions->errorHandler(2, 'Trying to access array offset on value of type null', '/home1/afi51034/erp.nxsistemas.com.br/app/Controllers/Painel.php', 222)
 2 SYSTEMPATH/CodeIgniter.php(941): App\Controllers\Painel->atualizaSenha()
 3 SYSTEMPATH/CodeIgniter.php(502): CodeIgniter\CodeIgniter->runController(Object(App\Controllers\Painel))
 4 SYSTEMPATH/CodeIgniter.php(361): CodeIgniter\CodeIgniter->handleRequest(null, Object(Config\Cache), false)
 5 FCPATH/index.php(79): CodeIgniter\CodeIgniter->run()
CRITICAL - 2024-07-18 00:32:44 --> ErrorException: Trying to access array offset on value of type null
in APPPATH/Controllers/Painel.php on line 222.
 1 APPPATH/Controllers/Painel.php(222): CodeIgniter\Debug\Exceptions->errorHandler(2, 'Trying to access array offset on value of type null', '/home1/afi51034/erp.nxsistemas.com.br/app/Controllers/Painel.php', 222)
 2 SYSTEMPATH/CodeIgniter.php(941): App\Controllers\Painel->atualizaSenha()
 3 SYSTEMPATH/CodeIgniter.php(502): CodeIgniter\CodeIgniter->runController(Object(App\Controllers\Painel))
 4 SYSTEMPATH/CodeIgniter.php(361): CodeIgniter\CodeIgniter->handleRequest(null, Object(Config\Cache), false)
 5 FCPATH/index.php(79): CodeIgniter\CodeIgniter->run()
CRITICAL - 2024-07-18 00:32:45 --> ErrorException: Trying to access array offset on value of type null
in APPPATH/Controllers/Painel.php on line 222.
 1 APPPATH/Controllers/Painel.php(222): CodeIgniter\Debug\Exceptions->errorHandler(2, 'Trying to access array offset on value of type null', '/home1/afi51034/erp.nxsistemas.com.br/app/Controllers/Painel.php', 222)
 2 SYSTEMPATH/CodeIgniter.php(941): App\Controllers\Painel->atualizaSenha()
 3 SYSTEMPATH/CodeIgniter.php(502): CodeIgniter\CodeIgniter->runController(Object(App\Controllers\Painel))
 4 SYSTEMPATH/CodeIgniter.php(361): CodeIgniter\CodeIgniter->handleRequest(null, Object(Config\Cache), false)
 5 FCPATH/index.php(79): CodeIgniter\CodeIgniter->run()
CRITICAL - 2024-07-18 00:32:46 --> ErrorException: Trying to access array offset on value of type null
in APPPATH/Controllers/Painel.php on line 222.
 1 APPPATH/Controllers/Painel.php(222): CodeIgniter\Debug\Exceptions->errorHandler(2, 'Trying to access array offset on value of type null', '/home1/afi51034/erp.nxsistemas.com.br/app/Controllers/Painel.php', 222)
 2 SYSTEMPATH/CodeIgniter.php(941): App\Controllers\Painel->atualizaSenha()
 3 SYSTEMPATH/CodeIgniter.php(502): CodeIgniter\CodeIgniter->runController(Object(App\Controllers\Painel))
 4 SYSTEMPATH/CodeIgniter.php(361): CodeIgniter\CodeIgniter->handleRequest(null, Object(Config\Cache), false)
 5 FCPATH/index.php(79): CodeIgniter\CodeIgniter->run()
CRITICAL - 2024-07-18 00:32:47 --> ErrorException: Trying to access array offset on value of type null
in APPPATH/Controllers/Painel.php on line 222.
 1 APPPATH/Controllers/Painel.php(222): CodeIgniter\Debug\Exceptions->errorHandler(2, 'Trying to access array offset on value of type null', '/home1/afi51034/erp.nxsistemas.com.br/app/Controllers/Painel.php', 222)
 2 SYSTEMPATH/CodeIgniter.php(941): App\Controllers\Painel->atualizaSenha()
 3 SYSTEMPATH/CodeIgniter.php(502): CodeIgniter\CodeIgniter->runController(Object(App\Controllers\Painel))
 4 SYSTEMPATH/CodeIgniter.php(361): CodeIgniter\CodeIgniter->handleRequest(null, Object(Config\Cache), false)
 5 FCPATH/index.php(79): CodeIgniter\CodeIgniter->run()
CRITICAL - 2024-07-18 00:32:48 --> ErrorException: Trying to access array offset on value of type null
in APPPATH/Controllers/Painel.php on line 222.
 1 APPPATH/Controllers/Painel.php(222): CodeIgniter\Debug\Exceptions->errorHandler(2, 'Trying to access array offset on value of type null', '/home1/afi51034/erp.nxsistemas.com.br/app/Controllers/Painel.php', 222)
 2 SYSTEMPATH/CodeIgniter.php(941): App\Controllers\Painel->atualizaSenha()
 3 SYSTEMPATH/CodeIgniter.php(502): CodeIgniter\CodeIgniter->runController(Object(App\Controllers\Painel))
 4 SYSTEMPATH/CodeIgniter.php(361): CodeIgniter\CodeIgniter->handleRequest(null, Object(Config\Cache), false)
 5 FCPATH/index.php(79): CodeIgniter\CodeIgniter->run()
CRITICAL - 2024-07-18 00:32:49 --> ErrorException: Trying to access array offset on value of type null
in APPPATH/Controllers/Painel.php on line 222.
 1 APPPATH/Controllers/Painel.php(222): CodeIgniter\Debug\Exceptions->errorHandler(2, 'Trying to access array offset on value of type null', '/home1/afi51034/erp.nxsistemas.com.br/app/Controllers/Painel.php', 222)
 2 SYSTEMPATH/CodeIgniter.php(941): App\Controllers\Painel->atualizaSenha()
 3 SYSTEMPATH/CodeIgniter.php(502): CodeIgniter\CodeIgniter->runController(Object(App\Controllers\Painel))
 4 SYSTEMPATH/CodeIgniter.php(361): CodeIgniter\CodeIgniter->handleRequest(null, Object(Config\Cache), false)
 5 FCPATH/index.php(79): CodeIgniter\CodeIgniter->run()
CRITICAL - 2024-07-18 00:32:50 --> ErrorException: Trying to access array offset on value of type null
in APPPATH/Controllers/Painel.php on line 222.
 1 APPPATH/Controllers/Painel.php(222): CodeIgniter\Debug\Exceptions->errorHandler(2, 'Trying to access array offset on value of type null', '/home1/afi51034/erp.nxsistemas.com.br/app/Controllers/Painel.php', 222)
 2 SYSTEMPATH/CodeIgniter.php(941): App\Controllers\Painel->atualizaSenha()
 3 SYSTEMPATH/CodeIgniter.php(502): CodeIgniter\CodeIgniter->runController(Object(App\Controllers\Painel))
 4 SYSTEMPATH/CodeIgniter.php(361): CodeIgniter\CodeIgniter->handleRequest(null, Object(Config\Cache), false)
 5 FCPATH/index.php(79): CodeIgniter\CodeIgniter->run()
CRITICAL - 2024-07-18 00:32:51 --> ErrorException: Trying to access array offset on value of type null
in APPPATH/Controllers/Painel.php on line 222.
 1 APPPATH/Controllers/Painel.php(222): CodeIgniter\Debug\Exceptions->errorHandler(2, 'Trying to access array offset on value of type null', '/home1/afi51034/erp.nxsistemas.com.br/app/Controllers/Painel.php', 222)
 2 SYSTEMPATH/CodeIgniter.php(941): App\Controllers\Painel->atualizaSenha()
 3 SYSTEMPATH/CodeIgniter.php(502): CodeIgniter\CodeIgniter->runController(Object(App\Controllers\Painel))
 4 SYSTEMPATH/CodeIgniter.php(361): CodeIgniter\CodeIgniter->handleRequest(null, Object(Config\Cache), false)
 5 FCPATH/index.php(79): CodeIgniter\CodeIgniter->run()
CRITICAL - 2024-07-18 00:32:52 --> ErrorException: Trying to access array offset on value of type null
in APPPATH/Controllers/Painel.php on line 222.
 1 APPPATH/Controllers/Painel.php(222): CodeIgniter\Debug\Exceptions->errorHandler(2, 'Trying to access array offset on value of type null', '/home1/afi51034/erp.nxsistemas.com.br/app/Controllers/Painel.php', 222)
 2 SYSTEMPATH/CodeIgniter.php(941): App\Controllers\Painel->atualizaSenha()
 3 SYSTEMPATH/CodeIgniter.php(502): CodeIgniter\CodeIgniter->runController(Object(App\Controllers\Painel))
 4 SYSTEMPATH/CodeIgniter.php(361): CodeIgniter\CodeIgniter->handleRequest(null, Object(Config\Cache), false)
 5 FCPATH/index.php(79): CodeIgniter\CodeIgniter->run()
CRITICAL - 2024-07-18 00:32:53 --> ErrorException: Trying to access array offset on value of type null
in APPPATH/Controllers/Painel.php on line 222.
 1 APPPATH/Controllers/Painel.php(222): CodeIgniter\Debug\Exceptions->errorHandler(2, 'Trying to access array offset on value of type null', '/home1/afi51034/erp.nxsistemas.com.br/app/Controllers/Painel.php', 222)
 2 SYSTEMPATH/CodeIgniter.php(941): App\Controllers\Painel->atualizaSenha()
 3 SYSTEMPATH/CodeIgniter.php(502): CodeIgniter\CodeIgniter->runController(Object(App\Controllers\Painel))
 4 SYSTEMPATH/CodeIgniter.php(361): CodeIgniter\CodeIgniter->handleRequest(null, Object(Config\Cache), false)
 5 FCPATH/index.php(79): CodeIgniter\CodeIgniter->run()
CRITICAL - 2024-07-18 00:32:54 --> ErrorException: Trying to access array offset on value of type null
in APPPATH/Controllers/Painel.php on line 222.
 1 APPPATH/Controllers/Painel.php(222): CodeIgniter\Debug\Exceptions->errorHandler(2, 'Trying to access array offset on value of type null', '/home1/afi51034/erp.nxsistemas.com.br/app/Controllers/Painel.php', 222)
 2 SYSTEMPATH/CodeIgniter.php(941): App\Controllers\Painel->atualizaSenha()
 3 SYSTEMPATH/CodeIgniter.php(502): CodeIgniter\CodeIgniter->runController(Object(App\Controllers\Painel))
 4 SYSTEMPATH/CodeIgniter.php(361): CodeIgniter\CodeIgniter->handleRequest(null, Object(Config\Cache), false)
 5 FCPATH/index.php(79): CodeIgniter\CodeIgniter->run()
CRITICAL - 2024-07-18 00:32:55 --> ErrorException: Trying to access array offset on value of type null
in APPPATH/Controllers/Painel.php on line 222.
 1 APPPATH/Controllers/Painel.php(222): CodeIgniter\Debug\Exceptions->errorHandler(2, 'Trying to access array offset on value of type null', '/home1/afi51034/erp.nxsistemas.com.br/app/Controllers/Painel.php', 222)
 2 SYSTEMPATH/CodeIgniter.php(941): App\Controllers\Painel->atualizaSenha()
 3 SYSTEMPATH/CodeIgniter.php(502): CodeIgniter\CodeIgniter->runController(Object(App\Controllers\Painel))
 4 SYSTEMPATH/CodeIgniter.php(361): CodeIgniter\CodeIgniter->handleRequest(null, Object(Config\Cache), false)
 5 FCPATH/index.php(79): CodeIgniter\CodeIgniter->run()
CRITICAL - 2024-07-18 00:33:55 --> ErrorException: Trying to access array offset on value of type null
in APPPATH/Controllers/Painel.php on line 222.
 1 APPPATH/Controllers/Painel.php(222): CodeIgniter\Debug\Exceptions->errorHandler(2, 'Trying to access array offset on value of type null', '/home1/afi51034/erp.nxsistemas.com.br/app/Controllers/Painel.php', 222)
 2 SYSTEMPATH/CodeIgniter.php(941): App\Controllers\Painel->atualizaSenha()
 3 SYSTEMPATH/CodeIgniter.php(502): CodeIgniter\CodeIgniter->runController(Object(App\Controllers\Painel))
 4 SYSTEMPATH/CodeIgniter.php(361): CodeIgniter\CodeIgniter->handleRequest(null, Object(Config\Cache), false)
 5 FCPATH/index.php(79): CodeIgniter\CodeIgniter->run()
CRITICAL - 2024-07-18 00:34:22 --> ErrorException: Trying to access array offset on value of type null
in APPPATH/Controllers/Painel.php on line 222.
 1 APPPATH/Controllers/Painel.php(222): CodeIgniter\Debug\Exceptions->errorHandler(2, 'Trying to access array offset on value of type null', '/home1/afi51034/erp.nxsistemas.com.br/app/Controllers/Painel.php', 222)
 2 SYSTEMPATH/CodeIgniter.php(941): App\Controllers\Painel->atualizaSenha()
 3 SYSTEMPATH/CodeIgniter.php(502): CodeIgniter\CodeIgniter->runController(Object(App\Controllers\Painel))
 4 SYSTEMPATH/CodeIgniter.php(361): CodeIgniter\CodeIgniter->handleRequest(null, Object(Config\Cache), false)
 5 FCPATH/index.php(79): CodeIgniter\CodeIgniter->run()
CRITICAL - 2024-07-18 00:34:22 --> ErrorException: Trying to access array offset on value of type null
in APPPATH/Controllers/Painel.php on line 222.
 1 APPPATH/Controllers/Painel.php(222): CodeIgniter\Debug\Exceptions->errorHandler(2, 'Trying to access array offset on value of type null', '/home1/afi51034/erp.nxsistemas.com.br/app/Controllers/Painel.php', 222)
 2 SYSTEMPATH/CodeIgniter.php(941): App\Controllers\Painel->atualizaSenha()
 3 SYSTEMPATH/CodeIgniter.php(502): CodeIgniter\CodeIgniter->runController(Object(App\Controllers\Painel))
 4 SYSTEMPATH/CodeIgniter.php(361): CodeIgniter\CodeIgniter->handleRequest(null, Object(Config\Cache), false)
 5 FCPATH/index.php(79): CodeIgniter\CodeIgniter->run()
CRITICAL - 2024-07-18 00:34:23 --> ErrorException: Trying to access array offset on value of type null
in APPPATH/Controllers/Painel.php on line 222.
 1 APPPATH/Controllers/Painel.php(222): CodeIgniter\Debug\Exceptions->errorHandler(2, 'Trying to access array offset on value of type null', '/home1/afi51034/erp.nxsistemas.com.br/app/Controllers/Painel.php', 222)
 2 SYSTEMPATH/CodeIgniter.php(941): App\Controllers\Painel->atualizaSenha()
 3 SYSTEMPATH/CodeIgniter.php(502): CodeIgniter\CodeIgniter->runController(Object(App\Controllers\Painel))
 4 SYSTEMPATH/CodeIgniter.php(361): CodeIgniter\CodeIgniter->handleRequest(null, Object(Config\Cache), false)
 5 FCPATH/index.php(79): CodeIgniter\CodeIgniter->run()
CRITICAL - 2024-07-18 00:34:24 --> ErrorException: Trying to access array offset on value of type null
in APPPATH/Controllers/Painel.php on line 222.
 1 APPPATH/Controllers/Painel.php(222): CodeIgniter\Debug\Exceptions->errorHandler(2, 'Trying to access array offset on value of type null', '/home1/afi51034/erp.nxsistemas.com.br/app/Controllers/Painel.php', 222)
 2 SYSTEMPATH/CodeIgniter.php(941): App\Controllers\Painel->atualizaSenha()
 3 SYSTEMPATH/CodeIgniter.php(502): CodeIgniter\CodeIgniter->runController(Object(App\Controllers\Painel))
 4 SYSTEMPATH/CodeIgniter.php(361): CodeIgniter\CodeIgniter->handleRequest(null, Object(Config\Cache), false)
 5 FCPATH/index.php(79): CodeIgniter\CodeIgniter->run()
CRITICAL - 2024-07-18 00:34:26 --> ErrorException: Trying to access array offset on value of type null
in APPPATH/Controllers/Painel.php on line 222.
 1 APPPATH/Controllers/Painel.php(222): CodeIgniter\Debug\Exceptions->errorHandler(2, 'Trying to access array offset on value of type null', '/home1/afi51034/erp.nxsistemas.com.br/app/Controllers/Painel.php', 222)
 2 SYSTEMPATH/CodeIgniter.php(941): App\Controllers\Painel->atualizaSenha()
 3 SYSTEMPATH/CodeIgniter.php(502): CodeIgniter\CodeIgniter->runController(Object(App\Controllers\Painel))
 4 SYSTEMPATH/CodeIgniter.php(361): CodeIgniter\CodeIgniter->handleRequest(null, Object(Config\Cache), false)
 5 FCPATH/index.php(79): CodeIgniter\CodeIgniter->run()
CRITICAL - 2024-07-18 00:34:26 --> ErrorException: Trying to access array offset on value of type null
in APPPATH/Controllers/Painel.php on line 222.
 1 APPPATH/Controllers/Painel.php(222): CodeIgniter\Debug\Exceptions->errorHandler(2, 'Trying to access array offset on value of type null', '/home1/afi51034/erp.nxsistemas.com.br/app/Controllers/Painel.php', 222)
 2 SYSTEMPATH/CodeIgniter.php(941): App\Controllers\Painel->atualizaSenha()
 3 SYSTEMPATH/CodeIgniter.php(502): CodeIgniter\CodeIgniter->runController(Object(App\Controllers\Painel))
 4 SYSTEMPATH/CodeIgniter.php(361): CodeIgniter\CodeIgniter->handleRequest(null, Object(Config\Cache), false)
 5 FCPATH/index.php(79): CodeIgniter\CodeIgniter->run()
CRITICAL - 2024-07-18 00:34:28 --> ErrorException: Trying to access array offset on value of type null
in APPPATH/Controllers/Painel.php on line 222.
 1 APPPATH/Controllers/Painel.php(222): CodeIgniter\Debug\Exceptions->errorHandler(2, 'Trying to access array offset on value of type null', '/home1/afi51034/erp.nxsistemas.com.br/app/Controllers/Painel.php', 222)
 2 SYSTEMPATH/CodeIgniter.php(941): App\Controllers\Painel->atualizaSenha()
 3 SYSTEMPATH/CodeIgniter.php(502): CodeIgniter\CodeIgniter->runController(Object(App\Controllers\Painel))
 4 SYSTEMPATH/CodeIgniter.php(361): CodeIgniter\CodeIgniter->handleRequest(null, Object(Config\Cache), false)
 5 FCPATH/index.php(79): CodeIgniter\CodeIgniter->run()
CRITICAL - 2024-07-18 00:34:30 --> ErrorException: Trying to access array offset on value of type null
in APPPATH/Controllers/Painel.php on line 222.
 1 APPPATH/Controllers/Painel.php(222): CodeIgniter\Debug\Exceptions->errorHandler(2, 'Trying to access array offset on value of type null', '/home1/afi51034/erp.nxsistemas.com.br/app/Controllers/Painel.php', 222)
 2 SYSTEMPATH/CodeIgniter.php(941): App\Controllers\Painel->atualizaSenha()
 3 SYSTEMPATH/CodeIgniter.php(502): CodeIgniter\CodeIgniter->runController(Object(App\Controllers\Painel))
 4 SYSTEMPATH/CodeIgniter.php(361): CodeIgniter\CodeIgniter->handleRequest(null, Object(Config\Cache), false)
 5 FCPATH/index.php(79): CodeIgniter\CodeIgniter->run()
CRITICAL - 2024-07-18 00:34:30 --> ErrorException: Trying to access array offset on value of type null
in APPPATH/Controllers/Painel.php on line 222.
 1 APPPATH/Controllers/Painel.php(222): CodeIgniter\Debug\Exceptions->errorHandler(2, 'Trying to access array offset on value of type null', '/home1/afi51034/erp.nxsistemas.com.br/app/Controllers/Painel.php', 222)
 2 SYSTEMPATH/CodeIgniter.php(941): App\Controllers\Painel->atualizaSenha()
 3 SYSTEMPATH/CodeIgniter.php(502): CodeIgniter\CodeIgniter->runController(Object(App\Controllers\Painel))
 4 SYSTEMPATH/CodeIgniter.php(361): CodeIgniter\CodeIgniter->handleRequest(null, Object(Config\Cache), false)
 5 FCPATH/index.php(79): CodeIgniter\CodeIgniter->run()
CRITICAL - 2024-07-18 00:34:31 --> ErrorException: Trying to access array offset on value of type null
in APPPATH/Controllers/Painel.php on line 222.
 1 APPPATH/Controllers/Painel.php(222): CodeIgniter\Debug\Exceptions->errorHandler(2, 'Trying to access array offset on value of type null', '/home1/afi51034/erp.nxsistemas.com.br/app/Controllers/Painel.php', 222)
 2 SYSTEMPATH/CodeIgniter.php(941): App\Controllers\Painel->atualizaSenha()
 3 SYSTEMPATH/CodeIgniter.php(502): CodeIgniter\CodeIgniter->runController(Object(App\Controllers\Painel))
 4 SYSTEMPATH/CodeIgniter.php(361): CodeIgniter\CodeIgniter->handleRequest(null, Object(Config\Cache), false)
 5 FCPATH/index.php(79): CodeIgniter\CodeIgniter->run()
CRITICAL - 2024-07-18 00:34:32 --> ErrorException: Trying to access array offset on value of type null
in APPPATH/Controllers/Painel.php on line 222.
 1 APPPATH/Controllers/Painel.php(222): CodeIgniter\Debug\Exceptions->errorHandler(2, 'Trying to access array offset on value of type null', '/home1/afi51034/erp.nxsistemas.com.br/app/Controllers/Painel.php', 222)
 2 SYSTEMPATH/CodeIgniter.php(941): App\Controllers\Painel->atualizaSenha()
 3 SYSTEMPATH/CodeIgniter.php(502): CodeIgniter\CodeIgniter->runController(Object(App\Controllers\Painel))
 4 SYSTEMPATH/CodeIgniter.php(361): CodeIgniter\CodeIgniter->handleRequest(null, Object(Config\Cache), false)
 5 FCPATH/index.php(79): CodeIgniter\CodeIgniter->run()
CRITICAL - 2024-07-18 00:34:34 --> ErrorException: Trying to access array offset on value of type null
in APPPATH/Controllers/Painel.php on line 222.
 1 APPPATH/Controllers/Painel.php(222): CodeIgniter\Debug\Exceptions->errorHandler(2, 'Trying to access array offset on value of type null', '/home1/afi51034/erp.nxsistemas.com.br/app/Controllers/Painel.php', 222)
 2 SYSTEMPATH/CodeIgniter.php(941): App\Controllers\Painel->atualizaSenha()
 3 SYSTEMPATH/CodeIgniter.php(502): CodeIgniter\CodeIgniter->runController(Object(App\Controllers\Painel))
 4 SYSTEMPATH/CodeIgniter.php(361): CodeIgniter\CodeIgniter->handleRequest(null, Object(Config\Cache), false)
 5 FCPATH/index.php(79): CodeIgniter\CodeIgniter->run()
CRITICAL - 2024-07-18 00:34:34 --> ErrorException: Trying to access array offset on value of type null
in APPPATH/Controllers/Painel.php on line 222.
 1 APPPATH/Controllers/Painel.php(222): CodeIgniter\Debug\Exceptions->errorHandler(2, 'Trying to access array offset on value of type null', '/home1/afi51034/erp.nxsistemas.com.br/app/Controllers/Painel.php', 222)
 2 SYSTEMPATH/CodeIgniter.php(941): App\Controllers\Painel->atualizaSenha()
 3 SYSTEMPATH/CodeIgniter.php(502): CodeIgniter\CodeIgniter->runController(Object(App\Controllers\Painel))
 4 SYSTEMPATH/CodeIgniter.php(361): CodeIgniter\CodeIgniter->handleRequest(null, Object(Config\Cache), false)
 5 FCPATH/index.php(79): CodeIgniter\CodeIgniter->run()
CRITICAL - 2024-07-18 00:34:35 --> ErrorException: Trying to access array offset on value of type null
in APPPATH/Controllers/Painel.php on line 222.
 1 APPPATH/Controllers/Painel.php(222): CodeIgniter\Debug\Exceptions->errorHandler(2, 'Trying to access array offset on value of type null', '/home1/afi51034/erp.nxsistemas.com.br/app/Controllers/Painel.php', 222)
 2 SYSTEMPATH/CodeIgniter.php(941): App\Controllers\Painel->atualizaSenha()
 3 SYSTEMPATH/CodeIgniter.php(502): CodeIgniter\CodeIgniter->runController(Object(App\Controllers\Painel))
 4 SYSTEMPATH/CodeIgniter.php(361): CodeIgniter\CodeIgniter->handleRequest(null, Object(Config\Cache), false)
 5 FCPATH/index.php(79): CodeIgniter\CodeIgniter->run()
CRITICAL - 2024-07-18 00:34:37 --> ErrorException: Trying to access array offset on value of type null
in APPPATH/Controllers/Painel.php on line 222.
 1 APPPATH/Controllers/Painel.php(222): CodeIgniter\Debug\Exceptions->errorHandler(2, 'Trying to access array offset on value of type null', '/home1/afi51034/erp.nxsistemas.com.br/app/Controllers/Painel.php', 222)
 2 SYSTEMPATH/CodeIgniter.php(941): App\Controllers\Painel->atualizaSenha()
 3 SYSTEMPATH/CodeIgniter.php(502): CodeIgniter\CodeIgniter->runController(Object(App\Controllers\Painel))
 4 SYSTEMPATH/CodeIgniter.php(361): CodeIgniter\CodeIgniter->handleRequest(null, Object(Config\Cache), false)
 5 FCPATH/index.php(79): CodeIgniter\CodeIgniter->run()
CRITICAL - 2024-07-18 00:34:37 --> ErrorException: Trying to access array offset on value of type null
in APPPATH/Controllers/Painel.php on line 222.
 1 APPPATH/Controllers/Painel.php(222): CodeIgniter\Debug\Exceptions->errorHandler(2, 'Trying to access array offset on value of type null', '/home1/afi51034/erp.nxsistemas.com.br/app/Controllers/Painel.php', 222)
 2 SYSTEMPATH/CodeIgniter.php(941): App\Controllers\Painel->atualizaSenha()
 3 SYSTEMPATH/CodeIgniter.php(502): CodeIgniter\CodeIgniter->runController(Object(App\Controllers\Painel))
 4 SYSTEMPATH/CodeIgniter.php(361): CodeIgniter\CodeIgniter->handleRequest(null, Object(Config\Cache), false)
 5 FCPATH/index.php(79): CodeIgniter\CodeIgniter->run()
CRITICAL - 2024-07-18 00:34:38 --> ErrorException: Trying to access array offset on value of type null
in APPPATH/Controllers/Painel.php on line 222.
 1 APPPATH/Controllers/Painel.php(222): CodeIgniter\Debug\Exceptions->errorHandler(2, 'Trying to access array offset on value of type null', '/home1/afi51034/erp.nxsistemas.com.br/app/Controllers/Painel.php', 222)
 2 SYSTEMPATH/CodeIgniter.php(941): App\Controllers\Painel->atualizaSenha()
 3 SYSTEMPATH/CodeIgniter.php(502): CodeIgniter\CodeIgniter->runController(Object(App\Controllers\Painel))
 4 SYSTEMPATH/CodeIgniter.php(361): CodeIgniter\CodeIgniter->handleRequest(null, Object(Config\Cache), false)
 5 FCPATH/index.php(79): CodeIgniter\CodeIgniter->run()
CRITICAL - 2024-07-18 00:34:39 --> ErrorException: Trying to access array offset on value of type null
in APPPATH/Controllers/Painel.php on line 222.
 1 APPPATH/Controllers/Painel.php(222): CodeIgniter\Debug\Exceptions->errorHandler(2, 'Trying to access array offset on value of type null', '/home1/afi51034/erp.nxsistemas.com.br/app/Controllers/Painel.php', 222)
 2 SYSTEMPATH/CodeIgniter.php(941): App\Controllers\Painel->atualizaSenha()
 3 SYSTEMPATH/CodeIgniter.php(502): CodeIgniter\CodeIgniter->runController(Object(App\Controllers\Painel))
 4 SYSTEMPATH/CodeIgniter.php(361): CodeIgniter\CodeIgniter->handleRequest(null, Object(Config\Cache), false)
 5 FCPATH/index.php(79): CodeIgniter\CodeIgniter->run()
CRITICAL - 2024-07-18 00:34:40 --> ErrorException: Trying to access array offset on value of type null
in APPPATH/Controllers/Painel.php on line 222.
 1 APPPATH/Controllers/Painel.php(222): CodeIgniter\Debug\Exceptions->errorHandler(2, 'Trying to access array offset on value of type null', '/home1/afi51034/erp.nxsistemas.com.br/app/Controllers/Painel.php', 222)
 2 SYSTEMPATH/CodeIgniter.php(941): App\Controllers\Painel->atualizaSenha()
 3 SYSTEMPATH/CodeIgniter.php(502): CodeIgniter\CodeIgniter->runController(Object(App\Controllers\Painel))
 4 SYSTEMPATH/CodeIgniter.php(361): CodeIgniter\CodeIgniter->handleRequest(null, Object(Config\Cache), false)
 5 FCPATH/index.php(79): CodeIgniter\CodeIgniter->run()
CRITICAL - 2024-07-18 00:34:41 --> ErrorException: Trying to access array offset on value of type null
in APPPATH/Controllers/Painel.php on line 222.
 1 APPPATH/Controllers/Painel.php(222): CodeIgniter\Debug\Exceptions->errorHandler(2, 'Trying to access array offset on value of type null', '/home1/afi51034/erp.nxsistemas.com.br/app/Controllers/Painel.php', 222)
 2 SYSTEMPATH/CodeIgniter.php(941): App\Controllers\Painel->atualizaSenha()
 3 SYSTEMPATH/CodeIgniter.php(502): CodeIgniter\CodeIgniter->runController(Object(App\Controllers\Painel))
 4 SYSTEMPATH/CodeIgniter.php(361): CodeIgniter\CodeIgniter->handleRequest(null, Object(Config\Cache), false)
 5 FCPATH/index.php(79): CodeIgniter\CodeIgniter->run()
CRITICAL - 2024-07-18 00:34:42 --> ErrorException: Trying to access array offset on value of type null
in APPPATH/Controllers/Painel.php on line 222.
 1 APPPATH/Controllers/Painel.php(222): CodeIgniter\Debug\Exceptions->errorHandler(2, 'Trying to access array offset on value of type null', '/home1/afi51034/erp.nxsistemas.com.br/app/Controllers/Painel.php', 222)
 2 SYSTEMPATH/CodeIgniter.php(941): App\Controllers\Painel->atualizaSenha()
 3 SYSTEMPATH/CodeIgniter.php(502): CodeIgniter\CodeIgniter->runController(Object(App\Controllers\Painel))
 4 SYSTEMPATH/CodeIgniter.php(361): CodeIgniter\CodeIgniter->handleRequest(null, Object(Config\Cache), false)
 5 FCPATH/index.php(79): CodeIgniter\CodeIgniter->run()
CRITICAL - 2024-07-18 00:34:44 --> ErrorException: Trying to access array offset on value of type null
in APPPATH/Controllers/Painel.php on line 222.
 1 APPPATH/Controllers/Painel.php(222): CodeIgniter\Debug\Exceptions->errorHandler(2, 'Trying to access array offset on value of type null', '/home1/afi51034/erp.nxsistemas.com.br/app/Controllers/Painel.php', 222)
 2 SYSTEMPATH/CodeIgniter.php(941): App\Controllers\Painel->atualizaSenha()
 3 SYSTEMPATH/CodeIgniter.php(502): CodeIgniter\CodeIgniter->runController(Object(App\Controllers\Painel))
 4 SYSTEMPATH/CodeIgniter.php(361): CodeIgniter\CodeIgniter->handleRequest(null, Object(Config\Cache), false)
 5 FCPATH/index.php(79): CodeIgniter\CodeIgniter->run()
CRITICAL - 2024-07-18 00:34:44 --> ErrorException: Trying to access array offset on value of type null
in APPPATH/Controllers/Painel.php on line 222.
 1 APPPATH/Controllers/Painel.php(222): CodeIgniter\Debug\Exceptions->errorHandler(2, 'Trying to access array offset on value of type null', '/home1/afi51034/erp.nxsistemas.com.br/app/Controllers/Painel.php', 222)
 2 SYSTEMPATH/CodeIgniter.php(941): App\Controllers\Painel->atualizaSenha()
 3 SYSTEMPATH/CodeIgniter.php(502): CodeIgniter\CodeIgniter->runController(Object(App\Controllers\Painel))
 4 SYSTEMPATH/CodeIgniter.php(361): CodeIgniter\CodeIgniter->handleRequest(null, Object(Config\Cache), false)
 5 FCPATH/index.php(79): CodeIgniter\CodeIgniter->run()
CRITICAL - 2024-07-18 00:34:45 --> ErrorException: Trying to access array offset on value of type null
in APPPATH/Controllers/Painel.php on line 222.
 1 APPPATH/Controllers/Painel.php(222): CodeIgniter\Debug\Exceptions->errorHandler(2, 'Trying to access array offset on value of type null', '/home1/afi51034/erp.nxsistemas.com.br/app/Controllers/Painel.php', 222)
 2 SYSTEMPATH/CodeIgniter.php(941): App\Controllers\Painel->atualizaSenha()
 3 SYSTEMPATH/CodeIgniter.php(502): CodeIgniter\CodeIgniter->runController(Object(App\Controllers\Painel))
 4 SYSTEMPATH/CodeIgniter.php(361): CodeIgniter\CodeIgniter->handleRequest(null, Object(Config\Cache), false)
 5 FCPATH/index.php(79): CodeIgniter\CodeIgniter->run()
CRITICAL - 2024-07-18 00:34:46 --> ErrorException: Trying to access array offset on value of type null
in APPPATH/Controllers/Painel.php on line 222.
 1 APPPATH/Controllers/Painel.php(222): CodeIgniter\Debug\Exceptions->errorHandler(2, 'Trying to access array offset on value of type null', '/home1/afi51034/erp.nxsistemas.com.br/app/Controllers/Painel.php', 222)
 2 SYSTEMPATH/CodeIgniter.php(941): App\Controllers\Painel->atualizaSenha()
 3 SYSTEMPATH/CodeIgniter.php(502): CodeIgniter\CodeIgniter->runController(Object(App\Controllers\Painel))
 4 SYSTEMPATH/CodeIgniter.php(361): CodeIgniter\CodeIgniter->handleRequest(null, Object(Config\Cache), false)
 5 FCPATH/index.php(79): CodeIgniter\CodeIgniter->run()
CRITICAL - 2024-07-18 00:34:47 --> ErrorException: Trying to access array offset on value of type null
in APPPATH/Controllers/Painel.php on line 222.
 1 APPPATH/Controllers/Painel.php(222): CodeIgniter\Debug\Exceptions->errorHandler(2, 'Trying to access array offset on value of type null', '/home1/afi51034/erp.nxsistemas.com.br/app/Controllers/Painel.php', 222)
 2 SYSTEMPATH/CodeIgniter.php(941): App\Controllers\Painel->atualizaSenha()
 3 SYSTEMPATH/CodeIgniter.php(502): CodeIgniter\CodeIgniter->runController(Object(App\Controllers\Painel))
 4 SYSTEMPATH/CodeIgniter.php(361): CodeIgniter\CodeIgniter->handleRequest(null, Object(Config\Cache), false)
 5 FCPATH/index.php(79): CodeIgniter\CodeIgniter->run()
CRITICAL - 2024-07-18 00:34:48 --> ErrorException: Trying to access array offset on value of type null
in APPPATH/Controllers/Painel.php on line 222.
 1 APPPATH/Controllers/Painel.php(222): CodeIgniter\Debug\Exceptions->errorHandler(2, 'Trying to access array offset on value of type null', '/home1/afi51034/erp.nxsistemas.com.br/app/Controllers/Painel.php', 222)
 2 SYSTEMPATH/CodeIgniter.php(941): App\Controllers\Painel->atualizaSenha()
 3 SYSTEMPATH/CodeIgniter.php(502): CodeIgniter\CodeIgniter->runController(Object(App\Controllers\Painel))
 4 SYSTEMPATH/CodeIgniter.php(361): CodeIgniter\CodeIgniter->handleRequest(null, Object(Config\Cache), false)
 5 FCPATH/index.php(79): CodeIgniter\CodeIgniter->run()
CRITICAL - 2024-07-18 00:34:49 --> ErrorException: Trying to access array offset on value of type null
in APPPATH/Controllers/Painel.php on line 222.
 1 APPPATH/Controllers/Painel.php(222): CodeIgniter\Debug\Exceptions->errorHandler(2, 'Trying to access array offset on value of type null', '/home1/afi51034/erp.nxsistemas.com.br/app/Controllers/Painel.php', 222)
 2 SYSTEMPATH/CodeIgniter.php(941): App\Controllers\Painel->atualizaSenha()
 3 SYSTEMPATH/CodeIgniter.php(502): CodeIgniter\CodeIgniter->runController(Object(App\Controllers\Painel))
 4 SYSTEMPATH/CodeIgniter.php(361): CodeIgniter\CodeIgniter->handleRequest(null, Object(Config\Cache), false)
 5 FCPATH/index.php(79): CodeIgniter\CodeIgniter->run()
